<?xml version="1.0" encoding="UTF-8"?>
<!-- Generated by org.testng.reporters.JUnitReportReporter -->
<testsuite name="shared.Dummy" tests="2" time="44.231" ignored="0" failures="0" timestamp="24 Jun 2020 10:24:58 GMT" skipped="0" hostname="DESKTOP-CP8B26T" errors="0">
  <testcase name="requestData" time="34.895" classname="shared.Dummy"/>
  <testcase name="requestData" time="9.336" classname="shared.Dummy"/>
</testsuite> <!-- shared.Dummy -->
